mode: set
github.com/tirzasrwn/reservation/cmd/web/main.go:23.13,25.16 2 0
github.com/tirzasrwn/reservation/cmd/web/main.go:29.2,35.16 3 0
github.com/tirzasrwn/reservation/cmd/web/main.go:25.16,27.3 1 0
github.com/tirzasrwn/reservation/cmd/web/main.go:38.18,53.16 10 1
github.com/tirzasrwn/reservation/cmd/web/main.go:58.2,67.12 7 1
github.com/tirzasrwn/reservation/cmd/web/main.go:53.16,56.3 2 0
github.com/tirzasrwn/reservation/cmd/web/middleware.go:10.45,20.2 3 1
github.com/tirzasrwn/reservation/cmd/web/middleware.go:23.50,25.2 1 1
github.com/tirzasrwn/reservation/cmd/web/routes.go:12.49,38.2 18 1
